1606884487827	geckodriver	INFO	Listening on 127.0.0.1:62202
1606884490867	mozrunner::runner	INFO	Running command: "C:\\Program Files\\Mozilla Firefox\\firefox.exe" "--marionette" "-foreground" "-no-remote" "-profile" "C:\\Users\\vampi\\AppData\\Local\\Temp\\rust_mozprofileQcDZDW"
Can't find symbol 'eglSwapBuffersWithDamageEXT'.
Can't find symbol 'eglSetDamageRegionKHR'.
JavaScript error: resource://gre/modules/XULStore.jsm, line 66: Error: Can't find profile directory.
console.warn: SearchSettings: "get: No settings file exists, new profile?" (new Error("", "(unknown module)"))
1606884494556	Marionette	INFO	Listening on port 62210
1606884494606	Marionette	WARN	TLS certificate errors will be ignored for this session
JavaScript error: https://www.gstatic.com/mysidia/48f2f5ef1106bf615cd568eafbe346a9.js?tag=video_mra/web_raspberry, line 166: SecurityError: The operation is insecure.
JavaScript error: https://www.gstatic.com/mysidia/48f2f5ef1106bf615cd568eafbe346a9.js?tag=video_mra/web_raspberry, line 166: SecurityError: The operation is insecure.
JavaScript error: https://www.gstatic.com/mysidia/48f2f5ef1106bf615cd568eafbe346a9.js?tag=video_mra/web_raspberry, line 166: SecurityError: The operation is insecure.
JavaScript error: https://www.gstatic.com/mysidia/48f2f5ef1106bf615cd568eafbe346a9.js?tag=video_mra/web_raspberry, line 166: SecurityError: The operation is insecure.
Can't find symbol 'eglSwapBuffersWithDamageEXT'.
Can't find symbol 'eglSetDamageRegionKHR'.
1606884501989	Marionette	INFO	Stopped listening on port 62210

###!!! [Child][RunMessage] Error: Channel closing: too late to send/recv, messages will be lost


###!!! [Child][MessageChannel::SendAndWait] Error: Channel error: cannot send/recv

1606884536178	geckodriver	INFO	Listening on 127.0.0.1:62311
1606884539204	mozrunner::runner	INFO	Running command: "C:\\Program Files\\Mozilla Firefox\\firefox.exe" "--marionette" "-foreground" "-no-remote" "-profile" "C:\\Users\\vampi\\AppData\\Local\\Temp\\rust_mozprofiledkDxGv"
Can't find symbol 'eglSwapBuffersWithDamageEXT'.
Can't find symbol 'eglSetDamageRegionKHR'.
JavaScript error: resource://gre/modules/XULStore.jsm, line 66: Error: Can't find profile directory.
console.warn: SearchSettings: "get: No settings file exists, new profile?" (new Error("", "(unknown module)"))
1606884542234	Marionette	INFO	Listening on port 62319
1606884542405	Marionette	WARN	TLS certificate errors will be ignored for this session
JavaScript error: https://www.gstatic.com/mysidia/48f2f5ef1106bf615cd568eafbe346a9.js?tag=video_mra/web_raspberry, line 166: SecurityError: The operation is insecure.
JavaScript error: https://www.gstatic.com/mysidia/48f2f5ef1106bf615cd568eafbe346a9.js?tag=video_mra/web_raspberry, line 166: SecurityError: The operation is insecure.
JavaScript error: https://www.gstatic.com/mysidia/48f2f5ef1106bf615cd568eafbe346a9.js?tag=video_mra/web_raspberry, line 166: SecurityError: The operation is insecure.
Can't find symbol 'eglSwapBuffersWithDamageEXT'.
Can't find symbol 'eglSetDamageRegionKHR'.

###!!! [Child][RunMessage] Error: Channel closing: too late to send/recv, messages will be lost

1606884586973	Marionette	INFO	Stopped listening on port 62319

###!!! [Child][MessageChannel::SendAndWait] Error: Channel error: cannot send/recv

